<?xml version="1.0" encoding="UTF-8"?>
<testsuite name="SorterTest" tests="6" skipped="0" failures="0" errors="0" timestamp="2021-03-01T18:11:32" hostname="DESKTOP-OCS5F7E" time="0.018">
  <properties/>
  <testcase name="elementsRepeat()" classname="SorterTest" time="0.013"/>
  <testcase name="compareArray()" classname="SorterTest" time="0.0"/>
  <testcase name="elementRep()" classname="SorterTest" time="0.0"/>
  <testcase name="nullArray()" classname="SorterTest" time="0.001"/>
  <testcase name="lengthArray()" classname="SorterTest" time="0.002"/>
  <testcase name="typeElementArray()" classname="SorterTest" time="0.0"/>
  <system-out><![CDATA[]]></system-out>
  <system-err><![CDATA[]]></system-err>
</testsuite>
